<?xml version="1.0" encoding="UTF-8"?>
<!-- Generated by org.testng.reporters.JUnitReportReporter -->
<testsuite hostname="user" name="com.qa.tests.HRM_LOGIN" tests="1" failures="0" timestamp="22 Nov 2019 03:11:44 GMT" time="24.914" errors="0">
  <testcase name="Loginapplication" time="24.914" classname="com.qa.tests.HRM_LOGIN"/>
</testsuite> <!-- com.qa.tests.HRM_LOGIN -->
